# JRE version: OpenJDK Runtime Environment AdoptOpenJDK-11.0.11+9 (11.0.11+9) (build 11.0.11+9)
# Java VM: OpenJDK 64-Bit Server VM AdoptOpenJDK-11.0.11+9 (11.0.11+9, mixed mode, tiered, compressed oops, g1 gc, linux-amd64)
Heap:
 garbage-first heap   total 20480K, used 10721K [0x000000060b800000, 0x0000000800000000)
  region size 1024K, 3 young (3072K), 1 survivors (1024K)
 Metaspace       used 12130K, capacity 12551K, committed 12672K, reserved 1060864K
  class space    used 1206K, capacity 1406K, committed 1408K, reserved 1048576K
GC Heap History (20 events):
Event: 0.648 GC heap before
{Heap before GC invocations=6 (full 0):
 garbage-first heap   total 10240K, used 5636K [0x000000060b800000, 0x0000000800000000)
  region size 1024K, 4 young (4096K), 1 survivors (1024K)
 Metaspace       used 11901K, capacity 12315K, committed 12416K, reserved 1060864K
  class space    used 1194K, capacity 1369K, committed 1408K, reserved 1048576K
}
Event: 0.650 GC heap after
{Heap after GC invocations=7 (full 0):
 garbage-first heap   total 10240K, used 3364K [0x000000060b800000, 0x0000000800000000)
  region size 1024K, 1 young (1024K), 1 survivors (1024K)
 Metaspace       used 11901K, capacity 12315K, committed 12416K, reserved 1060864K
  class space    used 1194K, capacity 1369K, committed 1408K, reserved 1048576K
}
Event: 0.675 GC heap before
{Heap before GC invocations=7 (full 0):
 garbage-first heap   total 10240K, used 5412K [0x000000060b800000, 0x0000000800000000)
  region size 1024K, 3 young (3072K), 1 survivors (1024K)
 Metaspace       used 11903K, capacity 12315K, committed 12416K, reserved 1060864K
  class space    used 1194K, capacity 1369K, committed 1408K, reserved 1048576K
}
Event: 0.677 GC heap after
{Heap after GC invocations=8 (full 0):
 garbage-first heap   total 10240K, used 4029K [0x000000060b800000, 0x0000000800000000)
  region size 1024K, 1 young (1024K), 1 survivors (1024K)
 Metaspace       used 11903K, capacity 12315K, committed 12416K, reserved 1060864K
  class space    used 1194K, capacity 1369K, committed 1408K, reserved 1048576K
}
Event: 0.687 GC heap before
{Heap before GC invocations=8 (full 0):
 garbage-first heap   total 10240K, used 6077K [0x000000060b800000, 0x0000000800000000)
  region size 1024K, 3 young (3072K), 1 survivors (1024K)
 Metaspace       used 11909K, capacity 12315K, committed 12416K, reserved 1060864K
  class space    used 1194K, capacity 1369K, committed 1408K, reserved 1048576K
}
Event: 0.689 GC heap after
{Heap after GC invocations=9 (full 0):
 garbage-first heap   total 13312K, used 4750K [0x000000060b800000, 0x0000000800000000)
  region size 1024K, 1 young (1024K), 1 survivors (1024K)
 Metaspace       used 11909K, capacity 12315K, committed 12416K, reserved 1060864K
  class space    used 1194K, capacity 1369K, committed 1408K, reserved 1048576K
}
Event: 0.697 GC heap before
{Heap before GC invocations=9 (full 0):
 garbage-first heap   total 13312K, used 6798K [0x000000060b800000, 0x0000000800000000)
  region size 1024K, 3 young (3072K), 1 survivors (1024K)
 Metaspace       used 11913K, capacity 12315K, committed 12416K, reserved 1060864K
  class space    used 1194K, capacity 1369K, committed 1408K, reserved 1048576K
}
Event: 0.699 GC heap after
{Heap after GC invocations=10 (full 0):
 garbage-first heap   total 13312K, used 5354K [0x000000060b800000, 0x0000000800000000)
  region size 1024K, 1 young (1024K), 1 survivors (1024K)
 Metaspace       used 11913K, capacity 12315K, committed 12416K, reserved 1060864K
  class space    used 1194K, capacity 1369K, committed 1408K, reserved 1048576K
}
Event: 0.707 GC heap before
{Heap before GC invocations=10 (full 0):
 garbage-first heap   total 13312K, used 7402K [0x000000060b800000, 0x0000000800000000)
  region size 1024K, 3 young (3072K), 1 survivors (1024K)
 Metaspace       used 11917K, capacity 12315K, committed 12416K, reserved 1060864K
  class space    used 1194K, capacity 1369K, committed 1408K, reserved 1048576K
}
Event: 0.709 GC heap after
{Heap after GC invocations=11 (full 0):
 garbage-first heap   total 13312K, used 5981K [0x000000060b800000, 0x0000000800000000)
  region size 1024K, 1 young (1024K), 1 survivors (1024K)
 Metaspace       used 11917K, capacity 12315K, committed 12416K, reserved 1060864K
  class space    used 1194K, capacity 1369K, committed 1408K, reserved 1048576K
}
Event: 0.715 GC heap before
{Heap before GC invocations=11 (full 0):
 garbage-first heap   total 13312K, used 7005K [0x000000060b800000, 0x0000000800000000)
  region size 1024K, 3 young (3072K), 1 survivors (1024K)
 Metaspace       used 11919K, capacity 12315K, committed 12416K, reserved 1060864K
  class space    used 1194K, capacity 1369K, committed 1408K, reserved 1048576K
}
Event: 0.718 GC heap after
{Heap after GC invocations=12 (full 0):
 garbage-first heap   total 13312K, used 6522K [0x000000060b800000, 0x0000000800000000)
  region size 1024K, 1 young (1024K), 1 survivors (1024K)
 Metaspace       used 11919K, capacity 12315K, committed 12416K, reserved 1060864K
  class space    used 1194K, capacity 1369K, committed 1408K, reserved 1048576K
}
Event: 0.729 GC heap before
{Heap before GC invocations=13 (full 0):
 garbage-first heap   total 13312K, used 8570K [0x000000060b800000, 0x0000000800000000)
  region size 1024K, 3 young (3072K), 1 survivors (1024K)
 Metaspace       used 11919K, capacity 12315K, committed 12416K, reserved 1060864K
  class space    used 1194K, capacity 1369K, committed 1408K, reserved 1048576K
}
Event: 0.732 GC heap after
{Heap after GC invocations=14 (full 0):
 garbage-first heap   total 20480K, used 7330K [0x000000060b800000, 0x0000000800000000)
  region size 1024K, 1 young (1024K), 1 survivors (1024K)
 Metaspace       used 11919K, capacity 12315K, committed 12416K, reserved 1060864K
  class space    used 1194K, capacity 1369K, committed 1408K, reserved 1048576K
}
Event: 0.761 GC heap before
{Heap before GC invocations=14 (full 0):
 garbage-first heap   total 20480K, used 11426K [0x000000060b800000, 0x0000000800000000)
  region size 1024K, 5 young (5120K), 1 survivors (1024K)
 Metaspace       used 11919K, capacity 12315K, committed 12416K, reserved 1060864K
  class space    used 1194K, capacity 1369K, committed 1408K, reserved 1048576K
}
Event: 0.764 GC heap after
{Heap after GC invocations=15 (full 0):
 garbage-first heap   total 20480K, used 8213K [0x000000060b800000, 0x0000000800000000)
  region size 1024K, 1 young (1024K), 1 survivors (1024K)
 Metaspace       used 11919K, capacity 12315K, committed 12416K, reserved 1060864K
  class space    used 1194K, capacity 1369K, committed 1408K, reserved 1048576K
}
Event: 0.814 GC heap before
{Heap before GC invocations=15 (full 0):
 garbage-first heap   total 20480K, used 10261K [0x000000060b800000, 0x0000000800000000)
  region size 1024K, 4 young (4096K), 1 survivors (1024K)
 Metaspace       used 11977K, capacity 12379K, committed 12672K, reserved 1060864K
  class space    used 1194K, capacity 1369K, committed 1408K, reserved 1048576K
}
Event: 0.817 GC heap after
{Heap after GC invocations=16 (full 0):
 garbage-first heap   total 20480K, used 9040K [0x000000060b800000, 0x0000000800000000)
  region size 1024K, 1 young (1024K), 1 survivors (1024K)
 Metaspace       used 11977K, capacity 12379K, committed 12672K, reserved 1060864K
  class space    used 1194K, capacity 1369K, committed 1408K, reserved 1048576K
}
Event: 0.843 GC heap before
{Heap before GC invocations=16 (full 0):
 garbage-first heap   total 20480K, used 11088K [0x000000060b800000, 0x0000000800000000)
  region size 1024K, 4 young (4096K), 1 survivors (1024K)
 Metaspace       used 12010K, capacity 12443K, committed 12672K, reserved 1060864K
  class space    used 1194K, capacity 1369K, committed 1408K, reserved 1048576K
}
Event: 0.846 GC heap after
{Heap after GC invocations=17 (full 0):
 garbage-first heap   total 20480K, used 9697K [0x000000060b800000, 0x0000000800000000)
  region size 1024K, 1 young (1024K), 1 survivors (1024K)
 Metaspace       used 12010K, capacity 12443K, committed 12672K, reserved 1060864K
  class space    used 1194K, capacity 1369K, committed 1408K, reserved 1048576K
}

