# JRE version: OpenJDK Runtime Environment AdoptOpenJDK-11.0.11+9 (11.0.11+9) (build 11.0.11+9)
# Java VM: OpenJDK 64-Bit Server VM AdoptOpenJDK-11.0.11+9 (11.0.11+9, mixed mode, tiered, compressed oops, g1 gc, linux-amd64)
Heap:
 garbage-first heap   total 59392K, used 11210K [0x000000060b800000, 0x0000000800000000)
  region size 1024K, 3 young (3072K), 1 survivors (1024K)
 Metaspace       used 13113K, capacity 13562K, committed 13824K, reserved 1060864K
  class space    used 1304K, capacity 1507K, committed 1536K, reserved 1048576K
GC Heap History (20 events):
Event: 1.604 GC heap before
{Heap before GC invocations=11 (full 0):
 garbage-first heap   total 10240K, used 5572K [0x000000060b800000, 0x0000000800000000)
  region size 1024K, 2 young (2048K), 1 survivors (1024K)
 Metaspace       used 12880K, capacity 13262K, committed 13568K, reserved 1060864K
  class space    used 1291K, capacity 1470K, committed 1536K, reserved 1048576K
}
Event: 1.606 GC heap after
{Heap after GC invocations=12 (full 0):
 garbage-first heap   total 10240K, used 4891K [0x000000060b800000, 0x0000000800000000)
  region size 1024K, 1 young (1024K), 1 survivors (1024K)
 Metaspace       used 12880K, capacity 13262K, committed 13568K, reserved 1060864K
  class space    used 1291K, capacity 1470K, committed 1536K, reserved 1048576K
}
Event: 1.611 GC heap before
{Heap before GC invocations=12 (full 0):
 garbage-first heap   total 10240K, used 5915K [0x000000060b800000, 0x0000000800000000)
  region size 1024K, 2 young (2048K), 1 survivors (1024K)
 Metaspace       used 12882K, capacity 13262K, committed 13568K, reserved 1060864K
  class space    used 1291K, capacity 1470K, committed 1536K, reserved 1048576K
}
Event: 1.613 GC heap after
{Heap after GC invocations=13 (full 0):
 garbage-first heap   total 12288K, used 5177K [0x000000060b800000, 0x0000000800000000)
  region size 1024K, 1 young (1024K), 1 survivors (1024K)
 Metaspace       used 12882K, capacity 13262K, committed 13568K, reserved 1060864K
  class space    used 1291K, capacity 1470K, committed 1536K, reserved 1048576K
}
Event: 1.624 GC heap before
{Heap before GC invocations=14 (full 0):
 garbage-first heap   total 12288K, used 6201K [0x000000060b800000, 0x0000000800000000)
  region size 1024K, 2 young (2048K), 1 survivors (1024K)
 Metaspace       used 12882K, capacity 13262K, committed 13568K, reserved 1060864K
  class space    used 1291K, capacity 1470K, committed 1536K, reserved 1048576K
}
Event: 1.626 GC heap after
{Heap after GC invocations=15 (full 0):
 garbage-first heap   total 12288K, used 5449K [0x000000060b800000, 0x0000000800000000)
  region size 1024K, 1 young (1024K), 1 survivors (1024K)
 Metaspace       used 12882K, capacity 13262K, committed 13568K, reserved 1060864K
  class space    used 1291K, capacity 1470K, committed 1536K, reserved 1048576K
}
Event: 1.629 GC heap before
{Heap before GC invocations=15 (full 0):
 garbage-first heap   total 12288K, used 6473K [0x000000060b800000, 0x0000000800000000)
  region size 1024K, 2 young (2048K), 1 survivors (1024K)
 Metaspace       used 12882K, capacity 13262K, committed 13568K, reserved 1060864K
  class space    used 1291K, capacity 1470K, committed 1536K, reserved 1048576K
}
Event: 1.631 GC heap after
{Heap after GC invocations=16 (full 0):
 garbage-first heap   total 12288K, used 5720K [0x000000060b800000, 0x0000000800000000)
  region size 1024K, 1 young (1024K), 1 survivors (1024K)
 Metaspace       used 12882K, capacity 13262K, committed 13568K, reserved 1060864K
  class space    used 1291K, capacity 1470K, committed 1536K, reserved 1048576K
}
Event: 1.634 GC heap before
{Heap before GC invocations=16 (full 0):
 garbage-first heap   total 12288K, used 6744K [0x000000060b800000, 0x0000000800000000)
  region size 1024K, 2 young (2048K), 1 survivors (1024K)
 Metaspace       used 12882K, capacity 13262K, committed 13568K, reserved 1060864K
  class space    used 1291K, capacity 1470K, committed 1536K, reserved 1048576K
}
Event: 1.636 GC heap after
{Heap after GC invocations=17 (full 0):
 garbage-first heap   total 12288K, used 6031K [0x000000060b800000, 0x0000000800000000)
  region size 1024K, 1 young (1024K), 1 survivors (1024K)
 Metaspace       used 12882K, capacity 13262K, committed 13568K, reserved 1060864K
  class space    used 1291K, capacity 1470K, committed 1536K, reserved 1048576K
}
Event: 1.640 GC heap before
{Heap before GC invocations=17 (full 0):
 garbage-first heap   total 12288K, used 7055K [0x000000060b800000, 0x0000000800000000)
  region size 1024K, 2 young (2048K), 1 survivors (1024K)
 Metaspace       used 12882K, capacity 13262K, committed 13568K, reserved 1060864K
  class space    used 1291K, capacity 1470K, committed 1536K, reserved 1048576K
}
Event: 1.642 GC heap after
{Heap after GC invocations=18 (full 0):
 garbage-first heap   total 21504K, used 6318K [0x000000060b800000, 0x0000000800000000)
  region size 1024K, 1 young (1024K), 1 survivors (1024K)
 Metaspace       used 12882K, capacity 13262K, committed 13568K, reserved 1060864K
  class space    used 1291K, capacity 1470K, committed 1536K, reserved 1048576K
}
Event: 1.661 GC heap before
{Heap before GC invocations=19 (full 0):
 garbage-first heap   total 21504K, used 10414K [0x000000060b800000, 0x0000000800000000)
  region size 1024K, 5 young (5120K), 1 survivors (1024K)
 Metaspace       used 12882K, capacity 13262K, committed 13568K, reserved 1060864K
  class space    used 1291K, capacity 1470K, committed 1536K, reserved 1048576K
}
Event: 1.665 GC heap after
{Heap after GC invocations=20 (full 0):
 garbage-first heap   total 21504K, used 7767K [0x000000060b800000, 0x0000000800000000)
  region size 1024K, 1 young (1024K), 1 survivors (1024K)
 Metaspace       used 12882K, capacity 13262K, committed 13568K, reserved 1060864K
  class space    used 1291K, capacity 1470K, committed 1536K, reserved 1048576K
}
Event: 1.687 GC heap before
{Heap before GC invocations=20 (full 0):
 garbage-first heap   total 21504K, used 11863K [0x000000060b800000, 0x0000000800000000)
  region size 1024K, 5 young (5120K), 1 survivors (1024K)
 Metaspace       used 12882K, capacity 13262K, committed 13568K, reserved 1060864K
  class space    used 1291K, capacity 1470K, committed 1536K, reserved 1048576K
}
Event: 1.690 GC heap after
{Heap after GC invocations=21 (full 0):
 garbage-first heap   total 21504K, used 8776K [0x000000060b800000, 0x0000000800000000)
  region size 1024K, 1 young (1024K), 1 survivors (1024K)
 Metaspace       used 12882K, capacity 13262K, committed 13568K, reserved 1060864K
  class space    used 1291K, capacity 1470K, committed 1536K, reserved 1048576K
}
Event: 1.754 GC heap before
{Heap before GC invocations=21 (full 0):
 garbage-first heap   total 21504K, used 11848K [0x000000060b800000, 0x0000000800000000)
  region size 1024K, 4 young (4096K), 1 survivors (1024K)
 Metaspace       used 12974K, capacity 13390K, committed 13568K, reserved 1060864K
  class space    used 1291K, capacity 1470K, committed 1536K, reserved 1048576K
}
Event: 1.757 GC heap after
{Heap after GC invocations=22 (full 0):
 garbage-first heap   total 21504K, used 9617K [0x000000060b800000, 0x0000000800000000)
  region size 1024K, 1 young (1024K), 1 survivors (1024K)
 Metaspace       used 12974K, capacity 13390K, committed 13568K, reserved 1060864K
  class space    used 1291K, capacity 1470K, committed 1536K, reserved 1048576K
}
Event: 1.787 GC heap before
{Heap before GC invocations=22 (full 0):
 garbage-first heap   total 21504K, used 12689K [0x000000060b800000, 0x0000000800000000)
  region size 1024K, 4 young (4096K), 1 survivors (1024K)
 Metaspace       used 12979K, capacity 13390K, committed 13568K, reserved 1060864K
  class space    used 1291K, capacity 1470K, committed 1536K, reserved 1048576K
}
Event: 1.790 GC heap after
{Heap after GC invocations=23 (full 0):
 garbage-first heap   total 59392K, used 10186K [0x000000060b800000, 0x0000000800000000)
  region size 1024K, 1 young (1024K), 1 survivors (1024K)
 Metaspace       used 12979K, capacity 13390K, committed 13568K, reserved 1060864K
  class space    used 1291K, capacity 1470K, committed 1536K, reserved 1048576K
}

