# JRE version: OpenJDK Runtime Environment AdoptOpenJDK-11.0.11+9 (11.0.11+9) (build 11.0.11+9)
# Java VM: OpenJDK 64-Bit Server VM AdoptOpenJDK-11.0.11+9 (11.0.11+9, mixed mode, tiered, compressed oops, g1 gc, linux-amd64)
Heap:
 garbage-first heap   total 21504K, used 9664K [0x000000060b800000, 0x0000000800000000)
  region size 1024K, 2 young (2048K), 1 survivors (1024K)
 Metaspace       used 12140K, capacity 12551K, committed 12672K, reserved 1060864K
  class space    used 1206K, capacity 1406K, committed 1408K, reserved 1048576K
GC Heap History (20 events):
Event: 0.914 GC heap before
{Heap before GC invocations=7 (full 0):
 garbage-first heap   total 10240K, used 6138K [0x000000060b800000, 0x0000000800000000)
  region size 1024K, 4 young (4096K), 1 survivors (1024K)
 Metaspace       used 11952K, capacity 12379K, committed 12672K, reserved 1060864K
  class space    used 1194K, capacity 1369K, committed 1408K, reserved 1048576K
}
Event: 0.917 GC heap after
{Heap after GC invocations=8 (full 0):
 garbage-first heap   total 10240K, used 3974K [0x000000060b800000, 0x0000000800000000)
  region size 1024K, 1 young (1024K), 1 survivors (1024K)
 Metaspace       used 11952K, capacity 12379K, committed 12672K, reserved 1060864K
  class space    used 1194K, capacity 1369K, committed 1408K, reserved 1048576K
}
Event: 0.931 GC heap before
{Heap before GC invocations=8 (full 0):
 garbage-first heap   total 10240K, used 6022K [0x000000060b800000, 0x0000000800000000)
  region size 1024K, 3 young (3072K), 1 survivors (1024K)
 Metaspace       used 11954K, capacity 12379K, committed 12672K, reserved 1060864K
  class space    used 1194K, capacity 1369K, committed 1408K, reserved 1048576K
}
Event: 0.933 GC heap after
{Heap after GC invocations=9 (full 0):
 garbage-first heap   total 10240K, used 4554K [0x000000060b800000, 0x0000000800000000)
  region size 1024K, 1 young (1024K), 1 survivors (1024K)
 Metaspace       used 11954K, capacity 12379K, committed 12672K, reserved 1060864K
  class space    used 1194K, capacity 1369K, committed 1408K, reserved 1048576K
}
Event: 0.941 GC heap before
{Heap before GC invocations=9 (full 0):
 garbage-first heap   total 10240K, used 6602K [0x000000060b800000, 0x0000000800000000)
  region size 1024K, 3 young (3072K), 1 survivors (1024K)
 Metaspace       used 11956K, capacity 12379K, committed 12672K, reserved 1060864K
  class space    used 1194K, capacity 1369K, committed 1408K, reserved 1048576K
}
Event: 0.943 GC heap after
{Heap after GC invocations=10 (full 0):
 garbage-first heap   total 13312K, used 5184K [0x000000060b800000, 0x0000000800000000)
  region size 1024K, 1 young (1024K), 1 survivors (1024K)
 Metaspace       used 11956K, capacity 12379K, committed 12672K, reserved 1060864K
  class space    used 1194K, capacity 1369K, committed 1408K, reserved 1048576K
}
Event: 0.951 GC heap before
{Heap before GC invocations=10 (full 0):
 garbage-first heap   total 13312K, used 7232K [0x000000060b800000, 0x0000000800000000)
  region size 1024K, 3 young (3072K), 1 survivors (1024K)
 Metaspace       used 11956K, capacity 12379K, committed 12672K, reserved 1060864K
  class space    used 1194K, capacity 1369K, committed 1408K, reserved 1048576K
}
Event: 0.954 GC heap after
{Heap after GC invocations=11 (full 0):
 garbage-first heap   total 13312K, used 5826K [0x000000060b800000, 0x0000000800000000)
  region size 1024K, 1 young (1024K), 1 survivors (1024K)
 Metaspace       used 11956K, capacity 12379K, committed 12672K, reserved 1060864K
  class space    used 1194K, capacity 1369K, committed 1408K, reserved 1048576K
}
Event: 0.961 GC heap before
{Heap before GC invocations=11 (full 0):
 garbage-first heap   total 13312K, used 7874K [0x000000060b800000, 0x0000000800000000)
  region size 1024K, 3 young (3072K), 1 survivors (1024K)
 Metaspace       used 11957K, capacity 12379K, committed 12672K, reserved 1060864K
  class space    used 1194K, capacity 1369K, committed 1408K, reserved 1048576K
}
Event: 0.963 GC heap after
{Heap after GC invocations=12 (full 0):
 garbage-first heap   total 13312K, used 6434K [0x000000060b800000, 0x0000000800000000)
  region size 1024K, 1 young (1024K), 1 survivors (1024K)
 Metaspace       used 11957K, capacity 12379K, committed 12672K, reserved 1060864K
  class space    used 1194K, capacity 1369K, committed 1408K, reserved 1048576K
}
Event: 0.974 GC heap before
{Heap before GC invocations=13 (full 0):
 garbage-first heap   total 13312K, used 8482K [0x000000060b800000, 0x0000000800000000)
  region size 1024K, 3 young (3072K), 1 survivors (1024K)
 Metaspace       used 11957K, capacity 12379K, committed 12672K, reserved 1060864K
  class space    used 1194K, capacity 1369K, committed 1408K, reserved 1048576K
}
Event: 0.977 GC heap after
{Heap after GC invocations=14 (full 0):
 garbage-first heap   total 13312K, used 7201K [0x000000060b800000, 0x0000000800000000)
  region size 1024K, 1 young (1024K), 1 survivors (1024K)
 Metaspace       used 11957K, capacity 12379K, committed 12672K, reserved 1060864K
  class space    used 1194K, capacity 1369K, committed 1408K, reserved 1048576K
}
Event: 0.984 GC heap before
{Heap before GC invocations=14 (full 0):
 garbage-first heap   total 13312K, used 8225K [0x000000060b800000, 0x0000000800000000)
  region size 1024K, 2 young (2048K), 1 survivors (1024K)
 Metaspace       used 11957K, capacity 12379K, committed 12672K, reserved 1060864K
  class space    used 1194K, capacity 1369K, committed 1408K, reserved 1048576K
}
Event: 0.987 GC heap after
{Heap after GC invocations=15 (full 0):
 garbage-first heap   total 21504K, used 7580K [0x000000060b800000, 0x0000000800000000)
  region size 1024K, 1 young (1024K), 1 survivors (1024K)
 Metaspace       used 11957K, capacity 12379K, committed 12672K, reserved 1060864K
  class space    used 1194K, capacity 1369K, committed 1408K, reserved 1048576K
}
Event: 1.007 GC heap before
{Heap before GC invocations=16 (full 0):
 garbage-first heap   total 21504K, used 10652K [0x000000060b800000, 0x0000000800000000)
  region size 1024K, 4 young (4096K), 1 survivors (1024K)
 Metaspace       used 11957K, capacity 12379K, committed 12672K, reserved 1060864K
  class space    used 1194K, capacity 1369K, committed 1408K, reserved 1048576K
}
Event: 1.011 GC heap after
{Heap after GC invocations=17 (full 0):
 garbage-first heap   total 21504K, used 8108K [0x000000060b800000, 0x0000000800000000)
  region size 1024K, 1 young (1024K), 1 survivors (1024K)
 Metaspace       used 11957K, capacity 12379K, committed 12672K, reserved 1060864K
  class space    used 1194K, capacity 1369K, committed 1408K, reserved 1048576K
}
Event: 1.203 GC heap before
{Heap before GC invocations=17 (full 0):
 garbage-first heap   total 21504K, used 12204K [0x000000060b800000, 0x0000000800000000)
  region size 1024K, 5 young (5120K), 1 survivors (1024K)
 Metaspace       used 12018K, capacity 12443K, committed 12672K, reserved 1060864K
  class space    used 1194K, capacity 1369K, committed 1408K, reserved 1048576K
}
Event: 1.207 GC heap after
{Heap after GC invocations=18 (full 0):
 garbage-first heap   total 21504K, used 9073K [0x000000060b800000, 0x0000000800000000)
  region size 1024K, 1 young (1024K), 1 survivors (1024K)
 Metaspace       used 12018K, capacity 12443K, committed 12672K, reserved 1060864K
  class space    used 1194K, capacity 1369K, committed 1408K, reserved 1048576K
}
Event: 1.358 GC heap before
{Heap before GC invocations=18 (full 0):
 garbage-first heap   total 21504K, used 12145K [0x000000060b800000, 0x0000000800000000)
  region size 1024K, 4 young (4096K), 1 survivors (1024K)
 Metaspace       used 12022K, capacity 12443K, committed 12672K, reserved 1060864K
  class space    used 1194K, capacity 1369K, committed 1408K, reserved 1048576K
}
Event: 1.361 GC heap after
{Heap after GC invocations=19 (full 0):
 garbage-first heap   total 21504K, used 9664K [0x000000060b800000, 0x0000000800000000)
  region size 1024K, 1 young (1024K), 1 survivors (1024K)
 Metaspace       used 12022K, capacity 12443K, committed 12672K, reserved 1060864K
  class space    used 1194K, capacity 1369K, committed 1408K, reserved 1048576K
}

