# JRE version: OpenJDK Runtime Environment JBR-11.0.11.9-1481.1-jcef (11.0.11+9) (build 11.0.11+9-b1481.1)
# Java VM: OpenJDK 64-Bit Server VM JBR-11.0.11.9-1481.1-jcef (11.0.11+9-b1481.1, mixed mode, tiered, compressed oops, g1 gc, linux-amd64)
Heap:
 garbage-first heap   total 225280K, used 173151K [0x00000000c0000000, 0x0000000100000000)
  region size 1024K, 116 young (118784K), 2 survivors (2048K)
 Metaspace       used 92537K, capacity 100307K, committed 100700K, reserved 1136640K
  class space    used 10494K, capacity 13207K, committed 13308K, reserved 1048576K
GC Heap History (20 events):
Event: 9516.997 GC heap before
{Heap before GC invocations=526 (full 0):
 garbage-first heap   total 225280K, used 158306K [0x00000000c0000000, 0x0000000100000000)
  region size 1024K, 101 young (103424K), 4 survivors (4096K)
 Metaspace       used 91620K, capacity 99190K, committed 99548K, reserved 1136640K
  class space    used 10406K, capacity 13089K, committed 13180K, reserved 1048576K
}
Event: 9516.999 GC heap after
{Heap after GC invocations=527 (full 0):
 garbage-first heap   total 225280K, used 57293K [0x00000000c0000000, 0x0000000100000000)
  region size 1024K, 1 young (1024K), 1 survivors (1024K)
 Metaspace       used 91620K, capacity 99190K, committed 99548K, reserved 1136640K
  class space    used 10406K, capacity 13089K, committed 13180K, reserved 1048576K
}
Event: 9526.495 GC heap before
{Heap before GC invocations=527 (full 0):
 garbage-first heap   total 225280K, used 66509K [0x00000000c0000000, 0x0000000100000000)
  region size 1024K, 11 young (11264K), 1 survivors (1024K)
 Metaspace       used 91620K, capacity 99190K, committed 99548K, reserved 1136640K
  class space    used 10406K, capacity 13089K, committed 13180K, reserved 1048576K
}
Event: 9526.496 GC heap after
{Heap after GC invocations=528 (full 0):
 garbage-first heap   total 225280K, used 56017K [0x00000000c0000000, 0x0000000100000000)
  region size 1024K, 1 young (1024K), 1 survivors (1024K)
 Metaspace       used 91620K, capacity 99190K, committed 99548K, reserved 1136640K
  class space    used 10406K, capacity 13089K, committed 13180K, reserved 1048576K
}
Event: 11790.376 GC heap before
{Heap before GC invocations=528 (full 0):
 garbage-first heap   total 225280K, used 163537K [0x00000000c0000000, 0x0000000100000000)
  region size 1024K, 106 young (108544K), 1 survivors (1024K)
 Metaspace       used 91841K, capacity 99573K, committed 99804K, reserved 1136640K
  class space    used 10431K, capacity 13131K, committed 13180K, reserved 1048576K
}
Event: 11790.379 GC heap after
{Heap after GC invocations=529 (full 0):
 garbage-first heap   total 225280K, used 57052K [0x00000000c0000000, 0x0000000100000000)
  region size 1024K, 2 young (2048K), 2 survivors (2048K)
 Metaspace       used 91841K, capacity 99573K, committed 99804K, reserved 1136640K
  class space    used 10431K, capacity 13131K, committed 13180K, reserved 1048576K
}
Event: 12190.730 GC heap before
{Heap before GC invocations=530 (full 0):
 garbage-first heap   total 225280K, used 167644K [0x00000000c0000000, 0x0000000100000000)
  region size 1024K, 110 young (112640K), 2 survivors (2048K)
 Metaspace       used 91858K, capacity 99520K, committed 99804K, reserved 1136640K
  class space    used 10426K, capacity 13122K, committed 13180K, reserved 1048576K
}
Event: 12190.735 GC heap after
{Heap after GC invocations=531 (full 0):
 garbage-first heap   total 225280K, used 59085K [0x00000000c0000000, 0x0000000100000000)
  region size 1024K, 4 young (4096K), 4 survivors (4096K)
 Metaspace       used 91858K, capacity 99520K, committed 99804K, reserved 1136640K
  class space    used 10426K, capacity 13122K, committed 13180K, reserved 1048576K
}
Event: 12211.886 GC heap before
{Heap before GC invocations=531 (full 0):
 garbage-first heap   total 225280K, used 65229K [0x00000000c0000000, 0x0000000100000000)
  region size 1024K, 11 young (11264K), 4 survivors (4096K)
 Metaspace       used 91858K, capacity 99520K, committed 99804K, reserved 1136640K
  class space    used 10426K, capacity 13122K, committed 13180K, reserved 1048576K
}
Event: 12211.888 GC heap after
{Heap after GC invocations=532 (full 0):
 garbage-first heap   total 225280K, used 55262K [0x00000000c0000000, 0x0000000100000000)
  region size 1024K, 1 young (1024K), 1 survivors (1024K)
 Metaspace       used 91858K, capacity 99520K, committed 99804K, reserved 1136640K
  class space    used 10426K, capacity 13122K, committed 13180K, reserved 1048576K
}
Event: 12575.402 GC heap before
{Heap before GC invocations=532 (full 0):
 garbage-first heap   total 225280K, used 171998K [0x00000000c0000000, 0x0000000100000000)
  region size 1024K, 115 young (117760K), 1 survivors (1024K)
 Metaspace       used 91914K, capacity 99541K, committed 99804K, reserved 1136640K
  class space    used 10429K, capacity 13126K, committed 13180K, reserved 1048576K
}
Event: 12575.412 GC heap after
{Heap after GC invocations=533 (full 0):
 garbage-first heap   total 225280K, used 57146K [0x00000000c0000000, 0x0000000100000000)
  region size 1024K, 3 young (3072K), 3 survivors (3072K)
 Metaspace       used 91914K, capacity 99541K, committed 99804K, reserved 1136640K
  class space    used 10429K, capacity 13126K, committed 13180K, reserved 1048576K
}
Event: 12697.131 GC heap before
{Heap before GC invocations=534 (full 0):
 garbage-first heap   total 225280K, used 177978K [0x00000000c0000000, 0x0000000100000000)
  region size 1024K, 121 young (123904K), 3 survivors (3072K)
 Metaspace       used 91985K, capacity 99679K, committed 100060K, reserved 1136640K
  class space    used 10429K, capacity 13127K, committed 13180K, reserved 1048576K
}
Event: 12697.135 GC heap after
{Heap after GC invocations=535 (full 0):
 garbage-first heap   total 225280K, used 58058K [0x00000000c0000000, 0x0000000100000000)
  region size 1024K, 4 young (4096K), 4 survivors (4096K)
 Metaspace       used 91985K, capacity 99679K, committed 100060K, reserved 1136640K
  class space    used 10429K, capacity 13127K, committed 13180K, reserved 1048576K
}
Event: 12758.837 GC heap before
{Heap before GC invocations=535 (full 0):
 garbage-first heap   total 225280K, used 65226K [0x00000000c0000000, 0x0000000100000000)
  region size 1024K, 11 young (11264K), 4 survivors (4096K)
 Metaspace       used 91986K, capacity 99679K, committed 100060K, reserved 1136640K
  class space    used 10429K, capacity 13127K, committed 13180K, reserved 1048576K
}
Event: 12758.840 GC heap after
{Heap after GC invocations=536 (full 0):
 garbage-first heap   total 225280K, used 56238K [0x00000000c0000000, 0x0000000100000000)
  region size 1024K, 1 young (1024K), 1 survivors (1024K)
 Metaspace       used 91986K, capacity 99679K, committed 100060K, reserved 1136640K
  class space    used 10429K, capacity 13127K, committed 13180K, reserved 1048576K
}
Event: 14444.031 GC heap before
{Heap before GC invocations=536 (full 0):
 garbage-first heap   total 225280K, used 180142K [0x00000000c0000000, 0x0000000100000000)
  region size 1024K, 122 young (124928K), 1 survivors (1024K)
 Metaspace       used 92029K, capacity 99679K, committed 100060K, reserved 1136640K
  class space    used 10429K, capacity 13127K, committed 13180K, reserved 1048576K
}
Event: 14444.037 GC heap after
{Heap after GC invocations=537 (full 0):
 garbage-first heap   total 225280K, used 56138K [0x00000000c0000000, 0x0000000100000000)
  region size 1024K, 1 young (1024K), 1 survivors (1024K)
 Metaspace       used 92029K, capacity 99679K, committed 100060K, reserved 1136640K
  class space    used 10429K, capacity 13127K, committed 13180K, reserved 1048576K
}
Event: 15441.245 GC heap before
{Heap before GC invocations=538 (full 0):
 garbage-first heap   total 225280K, used 185162K [0x00000000c0000000, 0x0000000100000000)
  region size 1024K, 128 young (131072K), 1 survivors (1024K)
 Metaspace       used 92124K, capacity 99884K, committed 100060K, reserved 1136640K
  class space    used 10431K, capacity 13130K, committed 13180K, reserved 1048576K
}
Event: 15441.253 GC heap after
{Heap after GC invocations=539 (full 0):
 garbage-first heap   total 225280K, used 57439K [0x00000000c0000000, 0x0000000100000000)
  region size 1024K, 2 young (2048K), 2 survivors (2048K)
 Metaspace       used 92124K, capacity 99884K, committed 100060K, reserved 1136640K
  class space    used 10431K, capacity 13130K, committed 13180K, reserved 1048576K
}

